130905 09:50:09 mysqld_safe Starting mysqld daemon with databases from /var/lib/stickshift/52288aec5973ca25ab000114/app-root/data/lib/mysql/data/
130905  9:50:10  InnoDB: Initializing buffer pool, size = 16.0M
130905  9:50:10  InnoDB: Completed initialization of buffer pool
InnoDB: The first specified data file ./ibdata1 did not exist:
InnoDB: a new database to be created!
130905  9:50:10  InnoDB: Setting file ./ibdata1 size to 10 MB
InnoDB: Database physically writes the file full: wait...
130905  9:50:10  InnoDB: Log file ./ib_logfile0 did not exist: new to be created
InnoDB: Setting log file ./ib_logfile0 size to 5 MB
InnoDB: Database physically writes the file full: wait...
130905  9:50:11  InnoDB: Log file ./ib_logfile1 did not exist: new to be created
InnoDB: Setting log file ./ib_logfile1 size to 5 MB
InnoDB: Database physically writes the file full: wait...
InnoDB: Doublewrite buffer not found: creating new
InnoDB: Doublewrite buffer created
InnoDB: Creating foreign key constraint system tables
InnoDB: Foreign key constraint system tables created
130905  9:50:12  InnoDB: Started; log sequence number 0 0
130905  9:50:12 [Note] Event Scheduler: Loaded 0 events
130905  9:50:12 [Note] /usr/libexec/mysqld: ready for connections.
Version: '5.1.69'  socket: '/var/lib/stickshift/52288aec5973ca25ab000114/app-root/data/lib/mysql/socket/mysql.sock'  port: 3306  Source distribution
